0 info it worked if it ends with ok
1 verbose cli [ '/usr/local/bin/node',
1 verbose cli   '/Users/jestersimpps/.npm-global/bin/npm',
1 verbose cli   'install',
1 verbose cli   'child_process',
1 verbose cli   '--save' ]
2 info using npm@3.8.0
3 info using node@v5.7.1
4 silly loadCurrentTree Starting
5 silly install loadCurrentTree
6 silly install readLocalPackageData
7 silly fetchPackageMetaData child_process
8 silly fetchNamedPackageData child_process
9 silly mapToRegistry name child_process
10 silly mapToRegistry using default registry
11 silly mapToRegistry registry https://registry.npmjs.org/
12 silly mapToRegistry uri https://registry.npmjs.org/child_process
13 verbose request uri https://registry.npmjs.org/child_process
14 verbose request no auth needed
15 info attempt registry request try #1 at 1:31:06 PM
16 verbose request using bearer token for auth
17 verbose request id 8d40d6650267517b
18 http request GET https://registry.npmjs.org/child_process
19 http 404 https://registry.npmjs.org/child_process
20 verbose headers { 'content-type': 'application/json',
20 verbose headers   'cache-control': 'max-age=0',
20 verbose headers   'content-length': '2',
20 verbose headers   'accept-ranges': 'bytes',
20 verbose headers   date: 'Sun, 26 Jun 2016 11:31:07 GMT',
20 verbose headers   via: '1.1 varnish',
20 verbose headers   connection: 'keep-alive',
20 verbose headers   'x-served-by': 'cache-ams4126-AMS',
20 verbose headers   'x-cache': 'MISS',
20 verbose headers   'x-cache-hits': '0',
20 verbose headers   'x-timer': 'S1466940666.848813,VS0,VE732',
20 verbose headers   vary: 'Accept-Encoding' }
21 silly get cb [ 404,
21 silly get   { 'content-type': 'application/json',
21 silly get     'cache-control': 'max-age=0',
21 silly get     'content-length': '2',
21 silly get     'accept-ranges': 'bytes',
21 silly get     date: 'Sun, 26 Jun 2016 11:31:07 GMT',
21 silly get     via: '1.1 varnish',
21 silly get     connection: 'keep-alive',
21 silly get     'x-served-by': 'cache-ams4126-AMS',
21 silly get     'x-cache': 'MISS',
21 silly get     'x-cache-hits': '0',
21 silly get     'x-timer': 'S1466940666.848813,VS0,VE732',
21 silly get     vary: 'Accept-Encoding' } ]
22 silly fetchPackageMetaData Error: Registry returned 404 for GET on https://registry.npmjs.org/child_process
22 silly fetchPackageMetaData     at makeError (/Users/jestersimpps/.npm-global/lib/node_modules/npm/node_modules/npm-registry-client/lib/request.js:264:12)
22 silly fetchPackageMetaData     at CachingRegistryClient.<anonymous> (/Users/jestersimpps/.npm-global/lib/node_modules/npm/node_modules/npm-registry-client/lib/request.js:242:14)
22 silly fetchPackageMetaData     at Request._callback (/Users/jestersimpps/.npm-global/lib/node_modules/npm/node_modules/npm-registry-client/lib/request.js:172:14)
22 silly fetchPackageMetaData     at Request.self.callback (/Users/jestersimpps/.npm-global/lib/node_modules/npm/node_modules/request/request.js:199:22)
22 silly fetchPackageMetaData     at emitTwo (events.js:100:13)
22 silly fetchPackageMetaData     at Request.emit (events.js:185:7)
22 silly fetchPackageMetaData     at Request.<anonymous> (/Users/jestersimpps/.npm-global/lib/node_modules/npm/node_modules/request/request.js:1036:10)
22 silly fetchPackageMetaData     at emitOne (events.js:95:20)
22 silly fetchPackageMetaData     at Request.emit (events.js:182:7)
22 silly fetchPackageMetaData     at IncomingMessage.<anonymous> (/Users/jestersimpps/.npm-global/lib/node_modules/npm/node_modules/request/request.js:963:12)
22 silly fetchPackageMetaData  error for child_process { [Error: Registry returned 404 for GET on https://registry.npmjs.org/child_process] pkgid: 'child_process', statusCode: 404, code: 'E404' }
23 silly rollbackFailedOptional Starting
24 silly rollbackFailedOptional Finishing
25 silly runTopLevelLifecycles Starting
26 silly runTopLevelLifecycles Finishing
27 silly install printInstalled
28 verbose stack Error: Registry returned 404 for GET on https://registry.npmjs.org/child_process
28 verbose stack     at makeError (/Users/jestersimpps/.npm-global/lib/node_modules/npm/node_modules/npm-registry-client/lib/request.js:264:12)
28 verbose stack     at CachingRegistryClient.<anonymous> (/Users/jestersimpps/.npm-global/lib/node_modules/npm/node_modules/npm-registry-client/lib/request.js:242:14)
28 verbose stack     at Request._callback (/Users/jestersimpps/.npm-global/lib/node_modules/npm/node_modules/npm-registry-client/lib/request.js:172:14)
28 verbose stack     at Request.self.callback (/Users/jestersimpps/.npm-global/lib/node_modules/npm/node_modules/request/request.js:199:22)
28 verbose stack     at emitTwo (events.js:100:13)
28 verbose stack     at Request.emit (events.js:185:7)
28 verbose stack     at Request.<anonymous> (/Users/jestersimpps/.npm-global/lib/node_modules/npm/node_modules/request/request.js:1036:10)
28 verbose stack     at emitOne (events.js:95:20)
28 verbose stack     at Request.emit (events.js:182:7)
28 verbose stack     at IncomingMessage.<anonymous> (/Users/jestersimpps/.npm-global/lib/node_modules/npm/node_modules/request/request.js:963:12)
29 verbose statusCode 404
30 verbose pkgid child_process
31 verbose cwd /Users/jestersimpps/Sites/public repos/node_rest_test_doc
32 error Darwin 15.4.0
33 error argv "/usr/local/bin/node" "/Users/jestersimpps/.npm-global/bin/npm" "install" "child_process" "--save"
34 error node v5.7.1
35 error npm  v3.8.0
36 error code E404
37 error 404 Registry returned 404 for GET on https://registry.npmjs.org/child_process
38 error 404
39 error 404 'child_process' is not in the npm registry.
40 error 404 Your package name is not valid, because
41 error 404 1. child_process is a core module name
42 error 404 Note that you can also install from a
43 error 404 tarball, folder, http url, or git url.
44 verbose exit [ 1, true ]
